<?xml version="1.0" encoding="UTF-8"?>
<!-- Generated by org.testng.reporters.JUnitReportReporter -->
<testsuite hostname="EIS0200" failures="0" tests="1" name="NewTest" time="210.936" errors="0" timestamp="2022-02-27T15:52:02 EET" skipped="0">
  <testcase classname="NewTest" name="f" time="210.936"/>
</testsuite> <!-- NewTest -->
